<?xml version="1.0" encoding="utf-8"?><testsuites name="pytest tests"><testsuite name="pytest" errors="0" failures="0" skipped="0" tests="22" time="2.824" timestamp="2026-06-22T14:30:24.607003+00:00" hostname="agent-env-1eb6ec90-5aa6-4915-9d14-4c77f6b0cd0c"><testcase classname="backend.tests.test_3tattava_iteration3.TestProductSeedRegulatory" name="test_products_list_has_four" time="0.299" /><testcase classname="backend.tests.test_3tattava_iteration3.TestProductSeedRegulatory" name="test_rockresin_regulatory" time="0.052" /><testcase classname="backend.tests.test_3tattava_iteration3.TestProductSeedRegulatory" name="test_shahjeet_regulatory_and_specs" time="0.347" /><testcase classname="backend.tests.test_3tattava_iteration3.TestRazorpayPlaceholder" name="test_create_rzp_order_mock" time="0.050" /><testcase classname="backend.tests.test_3tattava_iteration3.TestRazorpayPlaceholder" name="test_verify_with_mock_signature_success" time="0.166" /><testcase classname="backend.tests.test_3tattava_iteration3.TestRazorpayPlaceholder" name="test_verify_with_bad_signature_fails" time="0.129" /><testcase classname="backend.tests.test_3tattava_iteration3.TestRazorpayPlaceholder" name="test_webhook_invalid_signature_400" time="0.043" /><testcase classname="backend.tests.test_3tattava_iteration3.TestCODOrder" name="test_create_cod_order" time="0.091" /><testcase classname="backend.tests.test_3tattava_iteration3.TestCartAbandoned" name="test_create_abandoned" time="0.094" /><testcase classname="backend.tests.test_3tattava_iteration3.TestCartAbandoned" name="test_admin_cart_recovery_listing" time="0.054" /><testcase classname="backend.tests.test_3tattava_iteration3.TestCartAbandoned" name="test_admin_cart_recovery_unauthorized" time="0.044" /><testcase classname="backend.tests.test_3tattava_iteration3.TestN8nFireAndForget" name="test_newsletter_ok" time="0.047" /><testcase classname="backend.tests.test_3tattava_iteration3.TestN8nFireAndForget" name="test_assessment_ok" time="0.044" /><testcase classname="backend.tests.test_3tattava_iteration3.TestN8nFireAndForget" name="test_doctor_booking_ok" time="0.051" /><testcase classname="backend.tests.test_3tattava_iteration3.TestN8nFireAndForget" name="test_order_create_ok" time="0.050" /><testcase classname="backend.tests.test_3tattava_iteration3.TestRegressionSmoke" name="test_root" time="0.046" /><testcase classname="backend.tests.test_3tattava_iteration3.TestRegressionSmoke" name="test_doctors_list" time="0.052" /><testcase classname="backend.tests.test_3tattava_iteration3.TestRegressionSmoke" name="test_locations_29" time="0.047" /><testcase classname="backend.tests.test_3tattava_iteration3.TestRegressionSmoke" name="test_knowledge" time="0.051" /><testcase classname="backend.tests.test_3tattava_iteration3.TestRegressionSmoke" name="test_admin_stats" time="0.051" /><testcase classname="backend.tests.test_3tattava_iteration3.TestRegressionSmoke" name="test_dosha_quiz" time="0.044" /><testcase classname="backend.tests.test_3tattava_iteration3.TestRegressionSmoke" name="test_chat_stream_json_encoded" time="0.855" /></testsuite></testsuites>