<?xml version="1.0" encoding="utf-8"?><testsuites name="pytest tests"><testsuite name="pytest" errors="0" failures="0" skipped="0" tests="18" time="1.695" timestamp="2026-06-22T13:02:30.062774+00:00" hostname="agent-env-1eb6ec90-5aa6-4915-9d14-4c77f6b0cd0c"><testcase classname="backend.tests.test_3tattava_api.TestProducts" name="test_list_products" time="0.312" /><testcase classname="backend.tests.test_3tattava_api.TestProducts" name="test_get_rockresin" time="0.050" /><testcase classname="backend.tests.test_3tattava_api.TestProducts" name="test_get_shahjeet" time="0.047" /><testcase classname="backend.tests.test_3tattava_api.TestProducts" name="test_get_unknown_product_404" time="0.046" /><testcase classname="backend.tests.test_3tattava_api.TestDoctors" name="test_list_doctors" time="0.047" /><testcase classname="backend.tests.test_3tattava_api.TestDoctors" name="test_book_doctor" time="0.068" /><testcase classname="backend.tests.test_3tattava_api.TestKnowledge" name="test_list_articles" time="0.047" /><testcase classname="backend.tests.test_3tattava_api.TestKnowledge" name="test_article_detail" time="0.046" /><testcase classname="backend.tests.test_3tattava_api.TestLocations" name="test_list_locations" time="0.048" /><testcase classname="backend.tests.test_3tattava_api.TestNewsletter" name="test_newsletter_signup" time="0.115" /><testcase classname="backend.tests.test_3tattava_api.TestAssessment" name="test_submit_assessment" time="0.070" /><testcase classname="backend.tests.test_3tattava_api.TestDoshaQuiz" name="test_dosha" time="0.073" /><testcase classname="backend.tests.test_3tattava_api.TestOrders" name="test_create_and_fetch_order" time="0.118" /><testcase classname="backend.tests.test_3tattava_api.TestAdmin" name="test_admin_verify_no_token" time="0.053" /><testcase classname="backend.tests.test_3tattava_api.TestAdmin" name="test_admin_verify_bad_token" time="0.045" /><testcase classname="backend.tests.test_3tattava_api.TestAdmin" name="test_admin_verify_ok" time="0.045" /><testcase classname="backend.tests.test_3tattava_api.TestAdmin" name="test_admin_stats" time="0.050" /><testcase classname="backend.tests.test_3tattava_api.TestAdmin" name="test_admin_lists" time="0.187" /></testsuite></testsuites>