<?xml version="1.0" encoding="utf-8"?><testsuites name="pytest tests"><testsuite name="pytest" errors="0" failures="0" skipped="0" tests="32" time="4.264" timestamp="2026-06-22T14:02:17.947846+00:00" hostname="agent-env-1eb6ec90-5aa6-4915-9d14-4c77f6b0cd0c"><testcase classname="backend.tests.test_3tattava_iteration2.TestAdminProductCRUD" name="test_create_requires_auth" time="0.291" /><testcase classname="backend.tests.test_3tattava_iteration2.TestAdminProductCRUD" name="test_create_bad_token" time="0.067" /><testcase classname="backend.tests.test_3tattava_iteration2.TestAdminProductCRUD" name="test_full_crud_roundtrip" time="0.407" /><testcase classname="backend.tests.test_3tattava_iteration2.TestAdminProductCRUD" name="test_update_nonexistent_404" time="0.048" /><testcase classname="backend.tests.test_3tattava_iteration2.TestAdminProductCRUD" name="test_delete_nonexistent_404" time="0.050" /><testcase classname="backend.tests.test_3tattava_iteration2.TestAdminListings" name="test_admin_assessments_requires_auth" time="0.048" /><testcase classname="backend.tests.test_3tattava_iteration2.TestAdminListings" name="test_admin_assessments_ok" time="0.113" /><testcase classname="backend.tests.test_3tattava_iteration2.TestAdminListings" name="test_admin_contacts_requires_auth" time="0.048" /><testcase classname="backend.tests.test_3tattava_iteration2.TestAdminListings" name="test_admin_contacts_ok" time="0.140" /><testcase classname="backend.tests.test_3tattava_iteration2.TestEmailBackgroundTasks" name="test_newsletter_still_returns_ok" time="0.048" /><testcase classname="backend.tests.test_3tattava_iteration2.TestEmailBackgroundTasks" name="test_order_creation_still_returns_full_payload" time="0.052" /><testcase classname="backend.tests.test_3tattava_iteration2.TestEmailBackgroundTasks" name="test_assessment_still_returns_result" time="0.054" /><testcase classname="backend.tests.test_3tattava_iteration2.TestEmailBackgroundTasks" name="test_doctor_booking_still_returns_ok" time="0.047" /><testcase classname="backend.tests.test_3tattava_iteration2.TestChatStream" name="test_chat_stream_real_tokens" time="1.544" /><testcase classname="backend.tests.test_3tattava_api.TestProducts" name="test_list_products" time="0.126" /><testcase classname="backend.tests.test_3tattava_api.TestProducts" name="test_get_rockresin" time="0.053" /><testcase classname="backend.tests.test_3tattava_api.TestProducts" name="test_get_shahjeet" time="0.052" /><testcase classname="backend.tests.test_3tattava_api.TestProducts" name="test_get_unknown_product_404" time="0.049" /><testcase classname="backend.tests.test_3tattava_api.TestDoctors" name="test_list_doctors" time="0.049" /><testcase classname="backend.tests.test_3tattava_api.TestDoctors" name="test_book_doctor" time="0.051" /><testcase classname="backend.tests.test_3tattava_api.TestKnowledge" name="test_list_articles" time="0.045" /><testcase classname="backend.tests.test_3tattava_api.TestKnowledge" name="test_article_detail" time="0.067" /><testcase classname="backend.tests.test_3tattava_api.TestLocations" name="test_list_locations" time="0.047" /><testcase classname="backend.tests.test_3tattava_api.TestNewsletter" name="test_newsletter_signup" time="0.103" /><testcase classname="backend.tests.test_3tattava_api.TestAssessment" name="test_submit_assessment" time="0.048" /><testcase classname="backend.tests.test_3tattava_api.TestDoshaQuiz" name="test_dosha" time="0.050" /><testcase classname="backend.tests.test_3tattava_api.TestOrders" name="test_create_and_fetch_order" time="0.099" /><testcase classname="backend.tests.test_3tattava_api.TestAdmin" name="test_admin_verify_no_token" time="0.052" /><testcase classname="backend.tests.test_3tattava_api.TestAdmin" name="test_admin_verify_bad_token" time="0.046" /><testcase classname="backend.tests.test_3tattava_api.TestAdmin" name="test_admin_verify_ok" time="0.047" /><testcase classname="backend.tests.test_3tattava_api.TestAdmin" name="test_admin_stats" time="0.055" /><testcase classname="backend.tests.test_3tattava_api.TestAdmin" name="test_admin_lists" time="0.191" /></testsuite></testsuites>